C51 COMPILER V9.54   BEEP                                                                  01/29/2024 21:37:07 PAGE 1   


C51 COMPILER V9.54, COMPILATION OF MODULE BEEP
OBJECT MODULE PLACED IN .\Objects\Beep.obj
COMPILER INVOKED BY: D:\software\keil5\C51\BIN\C51.EXE Beep.c OPTIMIZE(8,SPEED) BROWSE DEBUG OBJECTEXTEND PRINT(.\Listin
                    -gs\Beep.lst) TABS(2) OBJECT(.\Objects\Beep.obj)

line level    source

   1          #include <reg52.h>
   2          #include <intrins.h>
   3          
   4          sbit beep = P2^5;//普中51开发板A2新款蜂鸣器端口为P25
   5          unsigned char BeepFlag=0;
   6          
   7          
   8          /**
   9            * @brief  蜂鸣器专用延时函数，延时500us
  10            * @param  无
  11            * @retval 无
  12            */
  13            /*
  14          void Beep_Delay500us(void)  //@11.0592MHz
  15          {
  16            unsigned char data i;
  17          
  18            _nop_();
  19            i = 227;
  20            while (--i);
  21          }
  22          */
  23          /**
  24            * @brief  蜂鸣器播放提示音(1000hz)
  25            * @param  播放时长
  26            * @retval 无
  27            */
  28          /*
  29          void Beep_Time(unsigned int ms)
  30          {
  31            unsigned int i;
  32            for(i=0;i<ms*2;i++)
  33                {
  34                  beep = !beep;
  35                  Beep_Delay500us();
  36                }
  37          }
  38          */
  39          void BeepOff()
  40          {
  41   1        BeepFlag = 0;
  42   1      }
  43          
  44          void BeepOn()
  45          {
  46   1        BeepFlag = 1;
  47   1      }
  48          
  49          void Beep_Loop()
  50          {
  51   1        if(BeepFlag == 1)
  52   1        {
  53   2          beep = !beep;
  54   2        }
C51 COMPILER V9.54   BEEP                                                                  01/29/2024 21:37:07 PAGE 2   

  55   1      }


MODULE INFORMATION:   STATIC OVERLAYABLE
   CODE SIZE        =     16    ----
   CONSTANT SIZE    =   ----    ----
   XDATA SIZE       =   ----    ----
   PDATA SIZE       =   ----    ----
   DATA SIZE        =      1    ----
   IDATA SIZE       =   ----    ----
   BIT SIZE         =   ----    ----
END OF MODULE INFORMATION.


C51 COMPILATION COMPLETE.  0 WARNING(S),  0 ERROR(S)
