C51 COMPILER V9.54   INT0                                                                  02/02/2024 15:35:42 PAGE 1   


C51 COMPILER V9.54, COMPILATION OF MODULE INT0
OBJECT MODULE PLACED IN .\Objects\Int0.obj
COMPILER INVOKED BY: D:\software\keil5\C51\BIN\C51.EXE Int0.c OPTIMIZE(8,SPEED) BROWSE DEBUG OBJECTEXTEND PRINT(.\Listin
                    -gs\Int0.lst) TABS(2) OBJECT(.\Objects\Int0.obj)

line level    source

   1          #include <reg52.h>
   2          
   3          /**
   4            * @brief  外部中断0初始化函数
   5                      IT0为0 低电平触发
   6                      IT0为1 下降沿触发
   7            * @param  无
   8            * @retval 无
   9            */
  10          void Int0_Init(void)
  11          {
  12   1        IT0 = 1;
  13   1        IE0 = 0;
  14   1        EX0 = 1;
  15   1        EA = 1;
  16   1        PX0 = 1;
  17   1      }
  18          
  19          /*外部中断0模板
  20          void Int0_Routine(void) interrupt 0
  21          {
  22            Num++;
  23          }
  24          */


MODULE INFORMATION:   STATIC OVERLAYABLE
   CODE SIZE        =     11    ----
   CONSTANT SIZE    =   ----    ----
   XDATA SIZE       =   ----    ----
   PDATA SIZE       =   ----    ----
   DATA SIZE        =   ----    ----
   IDATA SIZE       =   ----    ----
   BIT SIZE         =   ----    ----
END OF MODULE INFORMATION.


C51 COMPILATION COMPLETE.  0 WARNING(S),  0 ERROR(S)
