C51 COMPILER V9.54   IR                                                                    02/02/2024 15:35:42 PAGE 1   


C51 COMPILER V9.54, COMPILATION OF MODULE IR
OBJECT MODULE PLACED IN .\Objects\IR.obj
COMPILER INVOKED BY: D:\software\keil5\C51\BIN\C51.EXE IR.c OPTIMIZE(8,SPEED) BROWSE DEBUG OBJECTEXTEND PRINT(.\Listings
                    -\IR.lst) TABS(2) OBJECT(.\Objects\IR.obj)

line level    source

   1          #include <reg52.h>
   2          #include "Int0.h"
   3          #include "Timer1.h"
   4          
   5          unsigned int IR_Time;
   6          unsigned char IR_State;
   7          unsigned char IR_Data[4];
   8          unsigned char IR_pData;
   9          unsigned char IR_DataFlag;
  10          unsigned char IR_RepeatFlag;
  11          unsigned char IR_Address;
  12          unsigned char IR_Command;
  13          
  14          /**
  15            * @brief  红外遥控初始化
  16            * @param  无
  17            * @retval 无
  18            */
  19          void IR_Init()
  20          {
  21   1        Timer1_Init();
  22   1        Int0_Init();
  23   1      }
  24          
  25          /**
  26            * @brief  红外遥控获取收到数据帧标志位
  27            * @param  无
  28            * @retval 是否收到数据帧，1为收到，0为未收到
  29            */
  30          unsigned char IR_GetDataFlag(void)
  31          {
  32   1        if(IR_DataFlag)
  33   1        {
  34   2          IR_DataFlag = 0;
  35   2          return 1;
  36   2        }
  37   1        return 0;
  38   1      }
  39          
  40          /**
  41            * @brief  红外遥控获取收到连发帧标志位
  42            * @param  无
  43            * @retval 是否收到连发帧，1为收到，0为未收到
  44            */
  45          unsigned char IR_GetRepeatFlag(void)
  46          {
  47   1        if(IR_RepeatFlag)
  48   1        {
  49   2          IR_RepeatFlag = 0;
  50   2          return 1;
  51   2        }
  52   1        return 0;
  53   1      }
  54          
C51 COMPILER V9.54   IR                                                                    02/02/2024 15:35:42 PAGE 2   

  55          /**
  56            * @brief  红外遥控获取收到的地址数据
  57            * @param  无
  58            * @retval 收到的地址数据
  59            */
  60          unsigned char IR_GetAddress(void)
  61          {
  62   1        return IR_Address;
  63   1      }
  64          
  65          /**
  66            * @brief  红外遥控获取收到的命令数据
  67            * @param  无
  68            * @retval 收到的命令数据
  69            */
  70          unsigned char IR_GetCommand(void)
  71          {
  72   1        return IR_Command;
  73   1      }
  74          
  75          //外部中断0中断函数，下降沿触发执行
  76          void Int0_Routine(void) interrupt 0
  77          {
  78   1        if(IR_State == 0)
  79   1        {
  80   2          Timer1_SetCounter(0);
  81   2          Timer1_Run(1);
  82   2          IR_State = 1;
  83   2        }
  84   1        else if(IR_State == 1)
  85   1        {
  86   2          IR_Time = Timer1_GetCounter();
  87   2          Timer1_SetCounter(0);
  88   2          if(IR_Time > 12442-500 && IR_Time < 12442+500)
  89   2          {
  90   3            IR_State = 2;
  91   3          }
  92   2          else if(IR_Time > 10368-500 && IR_Time < 10368+500)
  93   2          {
  94   3            IR_RepeatFlag = 1;
  95   3            Timer1_Run(0);
  96   3            IR_State = 0;
  97   3          }
  98   2          else
  99   2          {
 100   3            IR_State = 1;
 101   3          }
 102   2        }
 103   1        else if(IR_State == 2)
 104   1        {
 105   2          IR_Time = Timer1_GetCounter();
 106   2          Timer1_SetCounter(0);
 107   2          if(IR_Time > 1032-500 && IR_Time < 1032+500)
 108   2          {
 109   3            IR_Data[IR_pData/8] &= ~(0x01<<(IR_pData%8));
 110   3            IR_pData++;
 111   3          }
 112   2          else if(IR_Time > 2074-500 && IR_Time < 2074+500)
 113   2          {
 114   3            IR_Data[IR_pData/8] |= (0x01<<(IR_pData%8));
 115   3            IR_pData++;
 116   3          }
C51 COMPILER V9.54   IR                                                                    02/02/2024 15:35:42 PAGE 3   

 117   2          else
 118   2          {
 119   3            IR_pData = 0;
 120   3            IR_State = 1;
 121   3          }
 122   2          if(IR_pData >=32 )
 123   2          {
 124   3            IR_pData = 0;
 125   3            if((IR_Data[0] == ~IR_Data[1]) && (IR_Data[2] == ~IR_Data[3]))
 126   3            {
 127   4              IR_Address = IR_Data[0];
 128   4              IR_Command = IR_Data[2];
 129   4              IR_DataFlag = 1;
 130   4            }
 131   3            Timer1_Run(0);
 132   3            IR_State = 0;
 133   3          }
 134   2        }
 135   1      }


MODULE INFORMATION:   STATIC OVERLAYABLE
   CODE SIZE        =    370    ----
   CONSTANT SIZE    =   ----    ----
   XDATA SIZE       =   ----    ----
   PDATA SIZE       =   ----    ----
   DATA SIZE        =     12    ----
   IDATA SIZE       =   ----    ----
   BIT SIZE         =   ----    ----
END OF MODULE INFORMATION.


C51 COMPILATION COMPLETE.  0 WARNING(S),  0 ERROR(S)
