C51 COMPILER V9.54   MAIN                                                                  02/03/2024 21:52:10 PAGE 1   


C51 COMPILER V9.54, COMPILATION OF MODULE MAIN
OBJECT MODULE PLACED IN .\Objects\main.obj
COMPILER INVOKED BY: D:\software\keil5\C51\BIN\C51.EXE main.c OPTIMIZE(8,SPEED) BROWSE DEBUG OBJECTEXTEND PRINT(.\Listin
                    -gs\main.lst) TABS(2) OBJECT(.\Objects\main.obj)

line level    source

   1          #include <reg52.h>
   2          #include <stdio.h>
   3          #include "OLED.h"
   4          #include "delay.h"
   5          #include "dht11.h"
   6          #include "Key.h"
   7          #include "Beep.h"
   8          #include "Timer0.h"
   9          #include "XPT2046.h"
  10          #include "AT24C02.h"
  11          
  12          sbit HY = P0^3;
  13          sbit YW = P0^4;
  14          
  15          u8 hyFlag,ywFlag;
  16          
  17          void Oled_ShowMsg()
  18          {
  19   1        OLED_DisplayStr(0, 1, "Rebuild by", TextSize8x16);
  20   1        OLED_DisplayStr(48, 4, "AKIqiufeng", TextSize8x16);
  21   1        delayms(1000);
  22   1        OLED_DisplayStr(0, 1, "          ", TextSize8x16);
  23   1        OLED_DisplayStr(48, 4, "          ", TextSize8x16);
  24   1      }
  25          
  26          void main()
  27          {
  28   1        u16 temperature_h,humidity_h,Set_temp = 50,YW_AD;
  29   1        u8 show_str[16];
  30   1        u8 keyNum,mode = 4,flag = 0;
  31   1        Timer0_Init();
  32   1        OLED_Init();
  33   1        Set_temp = AT24C02_ReadByte(1);
  34   1        delayms(100);
  35   1        Oled_ShowMsg();
  36   1        while (1)
  37   1        {
  38   2          keyNum = Key();
  39   2          
  40   2          if(keyNum)
  41   2          {
  42   3              if(mode == 1)
  43   3              {
  44   4                if(keyNum == 2) {Set_temp--;AT24C02_WriteByte(1,Set_temp);}
  45   4                if(keyNum == 3) {Set_temp++;AT24C02_WriteByte(1,Set_temp);}
  46   4                if(keyNum == 4) {mode = 4;OLED_Fill(0x00);}
  47   4              }
  48   3              else
  49   3              {
  50   4                if(keyNum == 1) {mode = 1;OLED_Fill(0x00);}
  51   4                if(keyNum == 2) {mode = 2;OLED_Fill(0x00);}
  52   4                if(keyNum == 3) {mode = 3;OLED_Fill(0x00);}
  53   4                if(keyNum == 4) {mode = 4;OLED_Fill(0x00);}
  54   4              }
C51 COMPILER V9.54   MAIN                                                                  02/03/2024 21:52:10 PAGE 2   

  55   3      
  56   3          }
  57   2          
  58   2          if(mode == 1)
  59   2          {
  60   3            TR0 = 0;
  61   3            flag = receive(&temperature_h, &humidity_h);
*** WARNING C182 IN LINE 61 OF main.c: pointer to different objects
*** WARNING C182 IN LINE 61 OF main.c: pointer to different objects
  62   3            TR0 = 1;
  63   3            OLED_DisplayCN(40, 0, 0);
  64   3            OLED_DisplayCN(56, 0, 1);
  65   3            OLED_DisplayCN(72, 0, 2);
  66   3            sprintf(show_str, "SET:%d", Set_temp);
  67   3            OLED_DisplayStr(72, 4,show_str, TextSize8x16);
  68   3            OLED_DisplayStr(86, 7,"Menu:K4", TextSize6x8);
  69   3            if(flag == 0)
  70   3            {
  71   4              sprintf(show_str, "temp:%d", temperature_h);
  72   4              OLED_DisplayStr(0, 3, show_str, TextSize8x16);
  73   4              sprintf(show_str, "humi:%d", humidity_h);
  74   4              OLED_DisplayStr(0, 5, show_str, TextSize8x16);
  75   4              if(temperature_h > Set_temp)//温度报警阈值
  76   4              {
  77   5                BeepOn();
  78   5              }
  79   4              else
  80   4              {
  81   5                BeepOff();
  82   5              }
  83   4            }
  84   3            else{
  85   4              OLED_DisplayStr(0, 3, "error!", TextSize8x16);
  86   4            }
  87   3          }
  88   2          if(mode == 2)
  89   2          {  
  90   3            OLED_DisplayCN(24, 0, 11);
  91   3            OLED_DisplayCN(40, 0, 12);
  92   3            OLED_DisplayCN(56, 0, 15);
  93   3            OLED_DisplayCN(72, 0, 16);
  94   3            OLED_DisplayCN(88, 0, 17);
  95   3            OLED_DisplayStr(86, 7,"Menu:K4", TextSize6x8);
  96   3            if(hyFlag == 0)  
  97   3            {
  98   4              BeepOn();
  99   4              OLED_DisplayCN(40, 3, 9);
 100   4              OLED_DisplayCN(80, 3, 11);
 101   4              delayms(100);
 102   4            }
 103   3            else
 104   3            { 
 105   4              BeepOff();
 106   4              OLED_DisplayCN(40, 3, 10);
 107   4              OLED_DisplayCN(80, 3, 11);
 108   4              delayms(100);
 109   4            }
 110   3          }
 111   2          if(mode == 3)
 112   2          { 
 113   3            OLED_DisplayCN(24, 0, 13);
 114   3            OLED_DisplayCN(40, 0, 14);
C51 COMPILER V9.54   MAIN                                                                  02/03/2024 21:52:10 PAGE 3   

 115   3            OLED_DisplayCN(56, 0, 15);
 116   3            OLED_DisplayCN(72, 0, 16);
 117   3            OLED_DisplayCN(88, 0, 17);
 118   3            OLED_DisplayStr(86, 7,"Menu:K4", TextSize6x8);
 119   3      
 120   3            YW_AD = XPT2046_ReadAD(XPT2046_AUX_12);
 121   3            sprintf(show_str, "AD value:%d", YW_AD);
 122   3            OLED_DisplayStr(16, 5, show_str, TextSize8x16);
 123   3            if(ywFlag == 0)  
 124   3            {
 125   4              BeepOn();     
 126   4              OLED_DisplayCN(40, 3, 9);
 127   4              OLED_DisplayCN(80, 3, 13);
 128   4              delayms(100);
 129   4            }
 130   3            else
 131   3            {
 132   4              BeepOff();     
 133   4              OLED_DisplayCN(40, 3, 10);
 134   4              OLED_DisplayCN(80, 3, 13);
 135   4              delayms(100);
 136   4            }
 137   3          }
 138   2          if(mode == 4)
 139   2          {
 140   3            BeepOff();
 141   3            OLED_DisplayStr(48, 0, "MENU", TextSize8x16);
 142   3            OLED_DisplayStr(0, 2, "----------------", TextSize8x16);
 143   3            OLED_DisplayCN(0, 4, 0);
 144   3            OLED_DisplayCN(16, 4, 1);
 145   3            OLED_DisplayCN(32, 4, 2);
 146   3            OLED_DisplayCN(56, 4, 11);
 147   3            OLED_DisplayCN(72, 4, 12);
 148   3            OLED_DisplayCN(96, 4, 13);
 149   3            OLED_DisplayCN(112, 4, 14);
 150   3            OLED_DisplayStr(0, 6, "  K1    K2   K3 ", TextSize8x16);
 151   3          }
 152   2         }
 153   1      }
 154          
 155          void Timer0_Routine() interrupt 1
 156          {
 157   1        static unsigned int T0Count;
 158   1        TL0 = 0x33;       //设置定时初始值
 159   1        TH0 = 0xFE;       //设置定时初始值
 160   1        T0Count++;
 161   1        Beep_Loop();
 162   1        if(T0Count >= 40)
 163   1        {
 164   2          T0Count = 0;
 165   2          Key_Loop();
 166   2          hyFlag = HY;
 167   2          ywFlag = YW;
 168   2        }
 169   1      }


MODULE INFORMATION:   STATIC OVERLAYABLE
   CODE SIZE        =    949    ----
   CONSTANT SIZE    =    122    ----
   XDATA SIZE       =   ----    ----
   PDATA SIZE       =   ----    ----
C51 COMPILER V9.54   MAIN                                                                  02/03/2024 21:52:10 PAGE 4   

   DATA SIZE        =      4      25
   IDATA SIZE       =   ----    ----
   BIT SIZE         =   ----    ----
END OF MODULE INFORMATION.


C51 COMPILATION COMPLETE.  2 WARNING(S),  0 ERROR(S)
