C51 COMPILER V9.54   XPT2046                                                               02/01/2024 16:46:20 PAGE 1   


C51 COMPILER V9.54, COMPILATION OF MODULE XPT2046
OBJECT MODULE PLACED IN .\Objects\XPT2046.obj
COMPILER INVOKED BY: D:\software\keil5\C51\BIN\C51.EXE XPT2046.c OPTIMIZE(8,SPEED) BROWSE DEBUG OBJECTEXTEND PRINT(.\Lis
                    -tings\XPT2046.lst) TABS(2) OBJECT(.\Objects\XPT2046.obj)

line level    source

   1          #include <reg52.h>
   2          
   3          
   4          sbit XPT2046_DCLK = P3^6;
   5          sbit XPT2046_CS = P3^5;
   6          sbit XPT2046_DIN = P3^4;
   7          sbit XPT2046_DOUT = P3^7;
   8          
   9          /**
  10            * @brief  XPT2046模数转换读取模拟值
  11            * @param  命令码
  12            * @retval 模拟量转换后的8/12位的数字值
  13            */
  14          unsigned int XPT2046_ReadAD(unsigned char Command)
  15          {
  16   1        unsigned char i;
  17   1        unsigned int ADValue = 0x00;
  18   1        XPT2046_CS = 0;
  19   1        XPT2046_DCLK = 0;
  20   1        for(i = 0;i < 8;i++)
  21   1        {
  22   2          XPT2046_DIN = Command&(0x80>>i);
  23   2          XPT2046_DCLK = 1;
  24   2          XPT2046_DCLK = 0;
  25   2        }
  26   1        for(i = 0;i < 16;i++)
  27   1        {
  28   2          XPT2046_DCLK = 1;
  29   2          XPT2046_DCLK = 0;
  30   2          if(XPT2046_DOUT){ADValue |= (0x8000)>>i;}
  31   2        }
  32   1        XPT2046_CS = 1;
  33   1        if(Command&0x08)
  34   1        {
  35   2          return ADValue>>8;
  36   2        }
  37   1        else
  38   1        {
  39   2          return ADValue>>4;
  40   2        }
  41   1        
  42   1      }


MODULE INFORMATION:   STATIC OVERLAYABLE
   CODE SIZE        =    110    ----
   CONSTANT SIZE    =   ----    ----
   XDATA SIZE       =   ----    ----
   PDATA SIZE       =   ----    ----
   DATA SIZE        =   ----       2
   IDATA SIZE       =   ----    ----
   BIT SIZE         =   ----    ----
END OF MODULE INFORMATION.


C51 COMPILATION COMPLETE.  0 WARNING(S),  0 ERROR(S)
